<?xml version="1.0" encoding="UTF-8"?>
<!-- Generated by org.testng.reporters.JUnitReportReporter -->
<testsuite hostname="LPDEV01" failures="0" tests="30" name="mainPackage.RunnerClass2" time="2635.923" errors="0" timestamp="2024-05-23T17:42:20 IST" skipped="0">
  <testcase classname="mainPackage.RunnerClass2" name="testMethod" time="91.691"/>
  <system-out/>
  <testcase classname="mainPackage.RunnerClass2" name="testMethod" time="87.819"/>
  <system-out/>
  <testcase classname="mainPackage.RunnerClass2" name="testMethod" time="87.838"/>
  <system-out/>
  <testcase classname="mainPackage.RunnerClass2" name="testMethod" time="87.146"/>
  <system-out/>
  <testcase classname="mainPackage.RunnerClass2" name="testMethod" time="86.989"/>
  <system-out/>
  <testcase classname="mainPackage.RunnerClass2" name="testMethod" time="88.025"/>
  <system-out/>
  <testcase classname="mainPackage.RunnerClass2" name="testMethod" time="84.892"/>
  <system-out/>
  <testcase classname="mainPackage.RunnerClass2" name="testMethod" time="86.108"/>
  <system-out/>
  <testcase classname="mainPackage.RunnerClass2" name="testMethod" time="86.433"/>
  <system-out/>
  <testcase classname="mainPackage.RunnerClass2" name="testMethod" time="85.306"/>
  <system-out/>
  <testcase classname="mainPackage.RunnerClass2" name="testMethod" time="86.116"/>
  <system-out/>
  <testcase classname="mainPackage.RunnerClass2" name="testMethod" time="84.142"/>
  <system-out/>
  <testcase classname="mainPackage.RunnerClass2" name="testMethod" time="86.024"/>
  <system-out/>
  <testcase classname="mainPackage.RunnerClass2" name="testMethod" time="84.991"/>
  <system-out/>
  <testcase classname="mainPackage.RunnerClass2" name="testMethod" time="87.059"/>
  <system-out/>
  <testcase classname="mainPackage.RunnerClass2" name="testMethod" time="88.020"/>
  <system-out/>
  <testcase classname="mainPackage.RunnerClass2" name="testMethod" time="92.596"/>
  <system-out/>
  <testcase classname="mainPackage.RunnerClass2" name="testMethod" time="86.341"/>
  <system-out/>
  <testcase classname="mainPackage.RunnerClass2" name="testMethod" time="90.063"/>
  <system-out/>
  <testcase classname="mainPackage.RunnerClass2" name="testMethod" time="90.223"/>
  <system-out/>
  <testcase classname="mainPackage.RunnerClass2" name="testMethod" time="87.051"/>
  <system-out/>
  <testcase classname="mainPackage.RunnerClass2" name="testMethod" time="92.366"/>
  <system-out/>
  <testcase classname="mainPackage.RunnerClass2" name="testMethod" time="84.599"/>
  <system-out/>
  <testcase classname="mainPackage.RunnerClass2" name="testMethod" time="87.231"/>
  <system-out/>
  <testcase classname="mainPackage.RunnerClass2" name="testMethod" time="91.648"/>
  <system-out/>
  <testcase classname="mainPackage.RunnerClass2" name="testMethod" time="87.125"/>
  <system-out/>
  <testcase classname="mainPackage.RunnerClass2" name="testMethod" time="91.638"/>
  <system-out/>
  <testcase classname="mainPackage.RunnerClass2" name="testMethod" time="90.975"/>
  <system-out/>
  <testcase classname="mainPackage.RunnerClass2" name="testMethod" time="85.254"/>
  <system-out/>
  <testcase classname="mainPackage.RunnerClass2" name="testMethod" time="90.214"/>
  <system-out/>
</testsuite> <!-- mainPackage.RunnerClass2 -->
